Analysis & Synthesis report for DE10_LITE
Fri Nov 12 17:25:07 2021
Quartus Prime Version 20.1.1 Build 720 11/11/2020 SJ Lite Edition


---------------------
; Table of Contents ;
---------------------
  1. Legal Notice
  2. Analysis & Synthesis Summary
  3. Analysis & Synthesis Settings
  4. Parallel Compilation
  5. Analysis & Synthesis Source Files Read
  6. Analysis & Synthesis Resource Usage Summary
  7. Analysis & Synthesis Resource Utilization by Entity
  8. Registers Removed During Synthesis
  9. Removed Registers Triggering Further Register Optimizations
 10. General Register Statistics
 11. Multiplexer Restructuring Statistics (Restructuring Performed)
 12. Port Connectivity Checks: "s_tester:servo8"
 13. Port Connectivity Checks: "s_tester:servo7"
 14. Port Connectivity Checks: "s_tester:servo6"
 15. Port Connectivity Checks: "s_tester:servo5"
 16. Port Connectivity Checks: "s_tester:servo4"
 17. Port Connectivity Checks: "s_tester:servo3"
 18. Port Connectivity Checks: "s_tester:servo2"
 19. Port Connectivity Checks: "s_tester:servo1"
 20. Port Connectivity Checks: "rotary_encoder:rot_enc"
 21. Post-Synthesis Netlist Statistics for Top Partition
 22. Elapsed Time Per Partition
 23. Analysis & Synthesis Messages



----------------
; Legal Notice ;
----------------
Copyright (C) 2020  Intel Corporation. All rights reserved.
Your use of Intel Corporation's design tools, logic functions 
and other software and tools, and any partner logic 
functions, and any output files from any of the foregoing 
(including device programming or simulation files), and any 
associated documentation or information are expressly subject 
to the terms and conditions of the Intel Program License 
Subscription Agreement, the Intel Quartus Prime License Agreement,
the Intel FPGA IP License Agreement, or other applicable license
agreement, including, without limitation, that your use is for
the sole purpose of programming logic devices manufactured by
Intel and sold by Intel or its authorized distributors.  Please
refer to the applicable agreement for further details, at
https://fpgasoftware.intel.com/eula.



+----------------------------------------------------------------------------------+
; Analysis & Synthesis Summary                                                     ;
+------------------------------------+---------------------------------------------+
; Analysis & Synthesis Status        ; Successful - Fri Nov 12 17:25:07 2021       ;
; Quartus Prime Version              ; 20.1.1 Build 720 11/11/2020 SJ Lite Edition ;
; Revision Name                      ; DE10_LITE                                   ;
; Top-level Entity Name              ; DE10_Lite                                   ;
; Family                             ; MAX 10                                      ;
; Total logic elements               ; 86                                          ;
;     Total combinational functions  ; 85                                          ;
;     Dedicated logic registers      ; 64                                          ;
; Total registers                    ; 64                                          ;
; Total pins                         ; 47                                          ;
; Total virtual pins                 ; 0                                           ;
; Total memory bits                  ; 0                                           ;
; Embedded Multiplier 9-bit elements ; 0                                           ;
; Total PLLs                         ; 0                                           ;
; UFM blocks                         ; 0                                           ;
; ADC blocks                         ; 0                                           ;
+------------------------------------+---------------------------------------------+


+------------------------------------------------------------------------------------------------------------+
; Analysis & Synthesis Settings                                                                              ;
+------------------------------------------------------------------+--------------------+--------------------+
; Option                                                           ; Setting            ; Default Value      ;
+------------------------------------------------------------------+--------------------+--------------------+
; Device                                                           ; 10M50DAF484C7G     ;                    ;
; Top-level entity name                                            ; DE10_LITE          ; DE10_LITE          ;
; Family name                                                      ; MAX 10 FPGA        ; Cyclone V          ;
; Use smart compilation                                            ; Off                ; Off                ;
; Enable parallel Assembler and Timing Analyzer during compilation ; On                 ; On                 ;
; Enable compact report table                                      ; Off                ; Off                ;
; Restructure Multiplexers                                         ; Auto               ; Auto               ;
; Create Debugging Nodes for IP Cores                              ; Off                ; Off                ;
; Preserve fewer node names                                        ; On                 ; On                 ;
; Intel FPGA IP Evaluation Mode                                    ; Enable             ; Enable             ;
; Verilog Version                                                  ; Verilog_2001       ; Verilog_2001       ;
; VHDL Version                                                     ; VHDL_1993          ; VHDL_1993          ;
; State Machine Processing                                         ; Auto               ; Auto               ;
; Safe State Machine                                               ; Off                ; Off                ;
; Extract Verilog State Machines                                   ; On                 ; On                 ;
; Extract VHDL State Machines                                      ; On                 ; On                 ;
; Ignore Verilog initial constructs                                ; Off                ; Off                ;
; Iteration limit for constant Verilog loops                       ; 5000               ; 5000               ;
; Iteration limit for non-constant Verilog loops                   ; 250                ; 250                ;
; Add Pass-Through Logic to Inferred RAMs                          ; On                 ; On                 ;
; Infer RAMs from Raw Logic                                        ; On                 ; On                 ;
; Parallel Synthesis                                               ; On                 ; On                 ;
; DSP Block Balancing                                              ; Auto               ; Auto               ;
; NOT Gate Push-Back                                               ; On                 ; On                 ;
; Power-Up Don't Care                                              ; On                 ; On                 ;
; Remove Redundant Logic Cells                                     ; Off                ; Off                ;
; Remove Duplicate Registers                                       ; On                 ; On                 ;
; Ignore CARRY Buffers                                             ; Off                ; Off                ;
; Ignore CASCADE Buffers                                           ; Off                ; Off                ;
; Ignore GLOBAL Buffers                                            ; Off                ; Off                ;
; Ignore ROW GLOBAL Buffers                                        ; Off                ; Off                ;
; Ignore LCELL Buffers                                             ; Off                ; Off                ;
; Ignore SOFT Buffers                                              ; On                 ; On                 ;
; Limit AHDL Integers to 32 Bits                                   ; Off                ; Off                ;
; Optimization Technique                                           ; Balanced           ; Balanced           ;
; Carry Chain Length                                               ; 70                 ; 70                 ;
; Auto Carry Chains                                                ; On                 ; On                 ;
; Auto Open-Drain Pins                                             ; On                 ; On                 ;
; Perform WYSIWYG Primitive Resynthesis                            ; Off                ; Off                ;
; Auto ROM Replacement                                             ; On                 ; On                 ;
; Auto RAM Replacement                                             ; On                 ; On                 ;
; Auto DSP Block Replacement                                       ; On                 ; On                 ;
; Auto Shift Register Replacement                                  ; Auto               ; Auto               ;
; Allow Shift Register Merging across Hierarchies                  ; Auto               ; Auto               ;
; Auto Clock Enable Replacement                                    ; On                 ; On                 ;
; Strict RAM Replacement                                           ; Off                ; Off                ;
; Allow Synchronous Control Signals                                ; On                 ; On                 ;
; Force Use of Synchronous Clear Signals                           ; Off                ; Off                ;
; Auto RAM Block Balancing                                         ; On                 ; On                 ;
; Auto RAM to Logic Cell Conversion                                ; Off                ; Off                ;
; Auto Resource Sharing                                            ; Off                ; Off                ;
; Allow Any RAM Size For Recognition                               ; Off                ; Off                ;
; Allow Any ROM Size For Recognition                               ; Off                ; Off                ;
; Allow Any Shift Register Size For Recognition                    ; Off                ; Off                ;
; Use LogicLock Constraints during Resource Balancing              ; On                 ; On                 ;
; Ignore translate_off and synthesis_off directives                ; Off                ; Off                ;
; Timing-Driven Synthesis                                          ; On                 ; On                 ;
; Report Parameter Settings                                        ; On                 ; On                 ;
; Report Source Assignments                                        ; On                 ; On                 ;
; Report Connectivity Checks                                       ; On                 ; On                 ;
; Ignore Maximum Fan-Out Assignments                               ; Off                ; Off                ;
; Synchronization Register Chain Length                            ; 2                  ; 2                  ;
; Power Optimization During Synthesis                              ; Normal compilation ; Normal compilation ;
; HDL message level                                                ; Level2             ; Level2             ;
; Suppress Register Optimization Related Messages                  ; Off                ; Off                ;
; Number of Removed Registers Reported in Synthesis Report         ; 5000               ; 5000               ;
; Number of Swept Nodes Reported in Synthesis Report               ; 5000               ; 5000               ;
; Number of Inverted Registers Reported in Synthesis Report        ; 100                ; 100                ;
; Clock MUX Protection                                             ; On                 ; On                 ;
; Auto Gated Clock Conversion                                      ; Off                ; Off                ;
; Block Design Naming                                              ; Auto               ; Auto               ;
; SDC constraint protection                                        ; Off                ; Off                ;
; Synthesis Effort                                                 ; Auto               ; Auto               ;
; Shift Register Replacement - Allow Asynchronous Clear Signal     ; On                 ; On                 ;
; Pre-Mapping Resynthesis Optimization                             ; Off                ; Off                ;
; Analysis & Synthesis Message Level                               ; Medium             ; Medium             ;
; Disable Register Merging Across Hierarchies                      ; Auto               ; Auto               ;
; Resource Aware Inference For Block RAM                           ; On                 ; On                 ;
+------------------------------------------------------------------+--------------------+--------------------+


+------------------------------------------+
; Parallel Compilation                     ;
+----------------------------+-------------+
; Processors                 ; Number      ;
+----------------------------+-------------+
; Number detected on machine ; 4           ;
; Maximum allowed            ; 2           ;
;                            ;             ;
; Average used               ; 1.00        ;
; Maximum used               ; 2           ;
;                            ;             ;
; Usage by Processor         ; % Time Used ;
;     Processor 1            ; 100.0%      ;
;     Processor 2            ;   0.0%      ;
+----------------------------+-------------+


+-------------------------------------------------------------------------------------------------------------------------------------------------------------+
; Analysis & Synthesis Source Files Read                                                                                                                      ;
+----------------------------------+-----------------+-----------------+----------------------------------------------------------------------------+---------+
; File Name with User-Entered Path ; Used in Netlist ; File Type       ; File Name with Absolute Path                                               ; Library ;
+----------------------------------+-----------------+-----------------+----------------------------------------------------------------------------+---------+
; rotary_encoder.vhdl              ; yes             ; User VHDL File  ; /home/luka/tgm/3._JG/DIC/quartus_template_de10lite/rotary_encoder.vhdl     ;         ;
; s_tester.vhd                     ; yes             ; User VHDL File  ; /home/luka/tgm/3._JG/DIC/quartus_template_de10lite/s_tester.vhd            ;         ;
; clock_divider.vhd                ; yes             ; User VHDL File  ; /home/luka/tgm/3._JG/DIC/quartus_template_de10lite/clock_divider.vhd       ;         ;
; DE10_LITE_const_pkg.vhd          ; yes             ; User VHDL File  ; /home/luka/tgm/3._JG/DIC/quartus_template_de10lite/DE10_LITE_const_pkg.vhd ;         ;
; DE10_LITE.vhd                    ; yes             ; User VHDL File  ; /home/luka/tgm/3._JG/DIC/quartus_template_de10lite/DE10_LITE.vhd           ;         ;
+----------------------------------+-----------------+-----------------+----------------------------------------------------------------------------+---------+


+-------------------------------------------------------------------+
; Analysis & Synthesis Resource Usage Summary                       ;
+---------------------------------------------+---------------------+
; Resource                                    ; Usage               ;
+---------------------------------------------+---------------------+
; Estimated Total logic elements              ; 86                  ;
;                                             ;                     ;
; Total combinational functions               ; 85                  ;
; Logic element usage by number of LUT inputs ;                     ;
;     -- 4 input functions                    ; 17                  ;
;     -- 3 input functions                    ; 1                   ;
;     -- <=2 input functions                  ; 67                  ;
;                                             ;                     ;
; Logic elements by mode                      ;                     ;
;     -- normal mode                          ; 27                  ;
;     -- arithmetic mode                      ; 58                  ;
;                                             ;                     ;
; Total registers                             ; 64                  ;
;     -- Dedicated logic registers            ; 64                  ;
;     -- I/O registers                        ; 0                   ;
;                                             ;                     ;
; I/O pins                                    ; 47                  ;
;                                             ;                     ;
; Embedded Multiplier 9-bit elements          ; 0                   ;
;                                             ;                     ;
; Maximum fan-out node                        ; MAX10_CLK1_50~input ;
; Maximum fan-out                             ; 33                  ;
; Total fan-out                               ; 461                 ;
; Average fan-out                             ; 1.65                ;
+---------------------------------------------+---------------------+


+---------------------------------------------------------------------------------------------------------------------------------------------------------------------------------------------------------------------------------------------------------+
; Analysis & Synthesis Resource Utilization by Entity                                                                                                                                                                                                     ;
+-------------------------------+---------------------+---------------------------+-------------+------------+--------------+---------+-----------+------+--------------+------------+-------------------------------------+---------------+--------------+
; Compilation Hierarchy Node    ; Combinational ALUTs ; Dedicated Logic Registers ; Memory Bits ; UFM Blocks ; DSP Elements ; DSP 9x9 ; DSP 18x18 ; Pins ; Virtual Pins ; ADC blocks ; Full Hierarchy Name                 ; Entity Name   ; Library Name ;
+-------------------------------+---------------------+---------------------------+-------------+------------+--------------+---------+-----------+------+--------------+------------+-------------------------------------+---------------+--------------+
; |DE10_Lite                    ; 85 (0)              ; 64 (0)                    ; 0           ; 0          ; 0            ; 0       ; 0         ; 47   ; 0            ; 0          ; |DE10_Lite                          ; DE10_Lite     ; work         ;
;    |clock_divider:my_clk_div| ; 47 (47)             ; 33 (33)                   ; 0           ; 0          ; 0            ; 0       ; 0         ; 0    ; 0            ; 0          ; |DE10_Lite|clock_divider:my_clk_div ; clock_divider ; work         ;
;    |s_tester:servo1|          ; 38 (38)             ; 31 (31)                   ; 0           ; 0          ; 0            ; 0       ; 0         ; 0    ; 0            ; 0          ; |DE10_Lite|s_tester:servo1          ; s_tester      ; work         ;
+-------------------------------+---------------------+---------------------------+-------------+------------+--------------+---------+-----------+------+--------------+------------+-------------------------------------+---------------+--------------+
Note: For table entries with two numbers listed, the numbers in parentheses indicate the number of resources of the given type used by the specific entity alone. The numbers listed outside of parentheses indicate the total resources of the given type used by the specific entity and all of its sub-entities in the hierarchy.


+------------------------------------------------------------------------------------+
; Registers Removed During Synthesis                                                 ;
+------------------------------------------+-----------------------------------------+
; Register name                            ; Reason for Removal                      ;
+------------------------------------------+-----------------------------------------+
; s_tester:servo8|pwm_int[13..15]          ; Stuck at GND due to stuck port data_in  ;
; s_tester:servo7|pwm_int[13..15]          ; Stuck at GND due to stuck port data_in  ;
; s_tester:servo6|pwm_int[13..15]          ; Stuck at GND due to stuck port data_in  ;
; s_tester:servo5|pwm_int[13..15]          ; Stuck at GND due to stuck port data_in  ;
; s_tester:servo4|pwm_int[13..15]          ; Stuck at GND due to stuck port data_in  ;
; s_tester:servo3|pwm_int[13..15]          ; Stuck at GND due to stuck port data_in  ;
; s_tester:servo2|pwm_int[13..15]          ; Stuck at GND due to stuck port data_in  ;
; s_tester:servo1|pwm_int[13..15]          ; Stuck at GND due to stuck port data_in  ;
; rotary_encoder:rot_enc|state[0]          ; Stuck at VCC due to stuck port preset   ;
; rotary_encoder:rot_enc|O[0,1]            ; Stuck at GND due to stuck port clear    ;
; rotary_encoder:rot_enc|state[1..31]      ; Stuck at GND due to stuck port clear    ;
; counter_nat[0,1,3..7]                    ; Merged with counter_nat[2]              ;
; s_tester:servo2|S_OUT                    ; Merged with s_tester:servo1|S_OUT       ;
; s_tester:servo3|S_OUT                    ; Merged with s_tester:servo1|S_OUT       ;
; s_tester:servo4|S_OUT                    ; Merged with s_tester:servo1|S_OUT       ;
; s_tester:servo5|S_OUT                    ; Merged with s_tester:servo1|S_OUT       ;
; s_tester:servo6|S_OUT                    ; Merged with s_tester:servo1|S_OUT       ;
; s_tester:servo7|S_OUT                    ; Merged with s_tester:servo1|S_OUT       ;
; s_tester:servo8|S_OUT                    ; Merged with s_tester:servo1|S_OUT       ;
; s_tester:servo2|cnt[11]                  ; Merged with s_tester:servo1|cnt[11]     ;
; s_tester:servo3|cnt[11]                  ; Merged with s_tester:servo1|cnt[11]     ;
; s_tester:servo4|cnt[11]                  ; Merged with s_tester:servo1|cnt[11]     ;
; s_tester:servo5|cnt[11]                  ; Merged with s_tester:servo1|cnt[11]     ;
; s_tester:servo6|cnt[11]                  ; Merged with s_tester:servo1|cnt[11]     ;
; s_tester:servo7|cnt[11]                  ; Merged with s_tester:servo1|cnt[11]     ;
; s_tester:servo8|cnt[11]                  ; Merged with s_tester:servo1|cnt[11]     ;
; s_tester:servo2|cnt[10]                  ; Merged with s_tester:servo1|cnt[10]     ;
; s_tester:servo3|cnt[10]                  ; Merged with s_tester:servo1|cnt[10]     ;
; s_tester:servo4|cnt[10]                  ; Merged with s_tester:servo1|cnt[10]     ;
; s_tester:servo5|cnt[10]                  ; Merged with s_tester:servo1|cnt[10]     ;
; s_tester:servo6|cnt[10]                  ; Merged with s_tester:servo1|cnt[10]     ;
; s_tester:servo7|cnt[10]                  ; Merged with s_tester:servo1|cnt[10]     ;
; s_tester:servo8|cnt[10]                  ; Merged with s_tester:servo1|cnt[10]     ;
; s_tester:servo2|cnt[9]                   ; Merged with s_tester:servo1|cnt[9]      ;
; s_tester:servo3|cnt[9]                   ; Merged with s_tester:servo1|cnt[9]      ;
; s_tester:servo4|cnt[9]                   ; Merged with s_tester:servo1|cnt[9]      ;
; s_tester:servo5|cnt[9]                   ; Merged with s_tester:servo1|cnt[9]      ;
; s_tester:servo6|cnt[9]                   ; Merged with s_tester:servo1|cnt[9]      ;
; s_tester:servo7|cnt[9]                   ; Merged with s_tester:servo1|cnt[9]      ;
; s_tester:servo8|cnt[9]                   ; Merged with s_tester:servo1|cnt[9]      ;
; s_tester:servo2|cnt[8]                   ; Merged with s_tester:servo1|cnt[8]      ;
; s_tester:servo3|cnt[8]                   ; Merged with s_tester:servo1|cnt[8]      ;
; s_tester:servo4|cnt[8]                   ; Merged with s_tester:servo1|cnt[8]      ;
; s_tester:servo5|cnt[8]                   ; Merged with s_tester:servo1|cnt[8]      ;
; s_tester:servo6|cnt[8]                   ; Merged with s_tester:servo1|cnt[8]      ;
; s_tester:servo7|cnt[8]                   ; Merged with s_tester:servo1|cnt[8]      ;
; s_tester:servo8|cnt[8]                   ; Merged with s_tester:servo1|cnt[8]      ;
; s_tester:servo2|cnt[7]                   ; Merged with s_tester:servo1|cnt[7]      ;
; s_tester:servo3|cnt[7]                   ; Merged with s_tester:servo1|cnt[7]      ;
; s_tester:servo4|cnt[7]                   ; Merged with s_tester:servo1|cnt[7]      ;
; s_tester:servo5|cnt[7]                   ; Merged with s_tester:servo1|cnt[7]      ;
; s_tester:servo6|cnt[7]                   ; Merged with s_tester:servo1|cnt[7]      ;
; s_tester:servo7|cnt[7]                   ; Merged with s_tester:servo1|cnt[7]      ;
; s_tester:servo8|cnt[7]                   ; Merged with s_tester:servo1|cnt[7]      ;
; s_tester:servo2|cnt[6]                   ; Merged with s_tester:servo1|cnt[6]      ;
; s_tester:servo3|cnt[6]                   ; Merged with s_tester:servo1|cnt[6]      ;
; s_tester:servo4|cnt[6]                   ; Merged with s_tester:servo1|cnt[6]      ;
; s_tester:servo5|cnt[6]                   ; Merged with s_tester:servo1|cnt[6]      ;
; s_tester:servo6|cnt[6]                   ; Merged with s_tester:servo1|cnt[6]      ;
; s_tester:servo7|cnt[6]                   ; Merged with s_tester:servo1|cnt[6]      ;
; s_tester:servo8|cnt[6]                   ; Merged with s_tester:servo1|cnt[6]      ;
; s_tester:servo2|cnt[5]                   ; Merged with s_tester:servo1|cnt[5]      ;
; s_tester:servo3|cnt[5]                   ; Merged with s_tester:servo1|cnt[5]      ;
; s_tester:servo4|cnt[5]                   ; Merged with s_tester:servo1|cnt[5]      ;
; s_tester:servo5|cnt[5]                   ; Merged with s_tester:servo1|cnt[5]      ;
; s_tester:servo6|cnt[5]                   ; Merged with s_tester:servo1|cnt[5]      ;
; s_tester:servo7|cnt[5]                   ; Merged with s_tester:servo1|cnt[5]      ;
; s_tester:servo8|cnt[5]                   ; Merged with s_tester:servo1|cnt[5]      ;
; s_tester:servo2|cnt[4]                   ; Merged with s_tester:servo1|cnt[4]      ;
; s_tester:servo3|cnt[4]                   ; Merged with s_tester:servo1|cnt[4]      ;
; s_tester:servo4|cnt[4]                   ; Merged with s_tester:servo1|cnt[4]      ;
; s_tester:servo5|cnt[4]                   ; Merged with s_tester:servo1|cnt[4]      ;
; s_tester:servo6|cnt[4]                   ; Merged with s_tester:servo1|cnt[4]      ;
; s_tester:servo7|cnt[4]                   ; Merged with s_tester:servo1|cnt[4]      ;
; s_tester:servo8|cnt[4]                   ; Merged with s_tester:servo1|cnt[4]      ;
; s_tester:servo2|cnt[3]                   ; Merged with s_tester:servo1|cnt[3]      ;
; s_tester:servo3|cnt[3]                   ; Merged with s_tester:servo1|cnt[3]      ;
; s_tester:servo4|cnt[3]                   ; Merged with s_tester:servo1|cnt[3]      ;
; s_tester:servo5|cnt[3]                   ; Merged with s_tester:servo1|cnt[3]      ;
; s_tester:servo6|cnt[3]                   ; Merged with s_tester:servo1|cnt[3]      ;
; s_tester:servo7|cnt[3]                   ; Merged with s_tester:servo1|cnt[3]      ;
; s_tester:servo8|cnt[3]                   ; Merged with s_tester:servo1|cnt[3]      ;
; s_tester:servo2|cnt[2]                   ; Merged with s_tester:servo1|cnt[2]      ;
; s_tester:servo3|cnt[2]                   ; Merged with s_tester:servo1|cnt[2]      ;
; s_tester:servo4|cnt[2]                   ; Merged with s_tester:servo1|cnt[2]      ;
; s_tester:servo5|cnt[2]                   ; Merged with s_tester:servo1|cnt[2]      ;
; s_tester:servo6|cnt[2]                   ; Merged with s_tester:servo1|cnt[2]      ;
; s_tester:servo7|cnt[2]                   ; Merged with s_tester:servo1|cnt[2]      ;
; s_tester:servo8|cnt[2]                   ; Merged with s_tester:servo1|cnt[2]      ;
; s_tester:servo2|cnt[1]                   ; Merged with s_tester:servo1|cnt[1]      ;
; s_tester:servo3|cnt[1]                   ; Merged with s_tester:servo1|cnt[1]      ;
; s_tester:servo4|cnt[1]                   ; Merged with s_tester:servo1|cnt[1]      ;
; s_tester:servo5|cnt[1]                   ; Merged with s_tester:servo1|cnt[1]      ;
; s_tester:servo6|cnt[1]                   ; Merged with s_tester:servo1|cnt[1]      ;
; s_tester:servo7|cnt[1]                   ; Merged with s_tester:servo1|cnt[1]      ;
; s_tester:servo8|cnt[1]                   ; Merged with s_tester:servo1|cnt[1]      ;
; s_tester:servo2|cnt[0]                   ; Merged with s_tester:servo1|cnt[0]      ;
; s_tester:servo3|cnt[0]                   ; Merged with s_tester:servo1|cnt[0]      ;
; s_tester:servo4|cnt[0]                   ; Merged with s_tester:servo1|cnt[0]      ;
; s_tester:servo5|cnt[0]                   ; Merged with s_tester:servo1|cnt[0]      ;
; s_tester:servo6|cnt[0]                   ; Merged with s_tester:servo1|cnt[0]      ;
; s_tester:servo7|cnt[0]                   ; Merged with s_tester:servo1|cnt[0]      ;
; s_tester:servo8|cnt[0]                   ; Merged with s_tester:servo1|cnt[0]      ;
; s_tester:servo2|pwm_int[12]              ; Merged with s_tester:servo1|pwm_int[12] ;
; s_tester:servo3|pwm_int[12]              ; Merged with s_tester:servo1|pwm_int[12] ;
; s_tester:servo4|pwm_int[12]              ; Merged with s_tester:servo1|pwm_int[12] ;
; s_tester:servo5|pwm_int[12]              ; Merged with s_tester:servo1|pwm_int[12] ;
; s_tester:servo6|pwm_int[12]              ; Merged with s_tester:servo1|pwm_int[12] ;
; s_tester:servo7|pwm_int[12]              ; Merged with s_tester:servo1|pwm_int[12] ;
; s_tester:servo8|pwm_int[12]              ; Merged with s_tester:servo1|pwm_int[12] ;
; s_tester:servo2|pwm_int[11]              ; Merged with s_tester:servo1|pwm_int[11] ;
; s_tester:servo3|pwm_int[11]              ; Merged with s_tester:servo1|pwm_int[11] ;
; s_tester:servo4|pwm_int[11]              ; Merged with s_tester:servo1|pwm_int[11] ;
; s_tester:servo5|pwm_int[11]              ; Merged with s_tester:servo1|pwm_int[11] ;
; s_tester:servo6|pwm_int[11]              ; Merged with s_tester:servo1|pwm_int[11] ;
; s_tester:servo7|pwm_int[11]              ; Merged with s_tester:servo1|pwm_int[11] ;
; s_tester:servo8|pwm_int[11]              ; Merged with s_tester:servo1|pwm_int[11] ;
; s_tester:servo2|pwm_int[10]              ; Merged with s_tester:servo1|pwm_int[10] ;
; s_tester:servo3|pwm_int[10]              ; Merged with s_tester:servo1|pwm_int[10] ;
; s_tester:servo4|pwm_int[10]              ; Merged with s_tester:servo1|pwm_int[10] ;
; s_tester:servo5|pwm_int[10]              ; Merged with s_tester:servo1|pwm_int[10] ;
; s_tester:servo6|pwm_int[10]              ; Merged with s_tester:servo1|pwm_int[10] ;
; s_tester:servo7|pwm_int[10]              ; Merged with s_tester:servo1|pwm_int[10] ;
; s_tester:servo8|pwm_int[10]              ; Merged with s_tester:servo1|pwm_int[10] ;
; s_tester:servo2|pwm_int[9]               ; Merged with s_tester:servo1|pwm_int[9]  ;
; s_tester:servo3|pwm_int[9]               ; Merged with s_tester:servo1|pwm_int[9]  ;
; s_tester:servo4|pwm_int[9]               ; Merged with s_tester:servo1|pwm_int[9]  ;
; s_tester:servo5|pwm_int[9]               ; Merged with s_tester:servo1|pwm_int[9]  ;
; s_tester:servo6|pwm_int[9]               ; Merged with s_tester:servo1|pwm_int[9]  ;
; s_tester:servo7|pwm_int[9]               ; Merged with s_tester:servo1|pwm_int[9]  ;
; s_tester:servo8|pwm_int[9]               ; Merged with s_tester:servo1|pwm_int[9]  ;
; s_tester:servo2|pwm_int[8]               ; Merged with s_tester:servo1|pwm_int[8]  ;
; s_tester:servo3|pwm_int[8]               ; Merged with s_tester:servo1|pwm_int[8]  ;
; s_tester:servo4|pwm_int[8]               ; Merged with s_tester:servo1|pwm_int[8]  ;
; s_tester:servo5|pwm_int[8]               ; Merged with s_tester:servo1|pwm_int[8]  ;
; s_tester:servo6|pwm_int[8]               ; Merged with s_tester:servo1|pwm_int[8]  ;
; s_tester:servo7|pwm_int[8]               ; Merged with s_tester:servo1|pwm_int[8]  ;
; s_tester:servo8|pwm_int[8]               ; Merged with s_tester:servo1|pwm_int[8]  ;
; s_tester:servo2|pwm_int[7]               ; Merged with s_tester:servo1|pwm_int[7]  ;
; s_tester:servo3|pwm_int[7]               ; Merged with s_tester:servo1|pwm_int[7]  ;
; s_tester:servo4|pwm_int[7]               ; Merged with s_tester:servo1|pwm_int[7]  ;
; s_tester:servo5|pwm_int[7]               ; Merged with s_tester:servo1|pwm_int[7]  ;
; s_tester:servo6|pwm_int[7]               ; Merged with s_tester:servo1|pwm_int[7]  ;
; s_tester:servo7|pwm_int[7]               ; Merged with s_tester:servo1|pwm_int[7]  ;
; s_tester:servo8|pwm_int[7]               ; Merged with s_tester:servo1|pwm_int[7]  ;
; s_tester:servo2|pwm_int[6]               ; Merged with s_tester:servo1|pwm_int[6]  ;
; s_tester:servo3|pwm_int[6]               ; Merged with s_tester:servo1|pwm_int[6]  ;
; s_tester:servo4|pwm_int[6]               ; Merged with s_tester:servo1|pwm_int[6]  ;
; s_tester:servo5|pwm_int[6]               ; Merged with s_tester:servo1|pwm_int[6]  ;
; s_tester:servo6|pwm_int[6]               ; Merged with s_tester:servo1|pwm_int[6]  ;
; s_tester:servo7|pwm_int[6]               ; Merged with s_tester:servo1|pwm_int[6]  ;
; s_tester:servo8|pwm_int[6]               ; Merged with s_tester:servo1|pwm_int[6]  ;
; s_tester:servo2|pwm_int[5]               ; Merged with s_tester:servo1|pwm_int[5]  ;
; s_tester:servo3|pwm_int[5]               ; Merged with s_tester:servo1|pwm_int[5]  ;
; s_tester:servo4|pwm_int[5]               ; Merged with s_tester:servo1|pwm_int[5]  ;
; s_tester:servo5|pwm_int[5]               ; Merged with s_tester:servo1|pwm_int[5]  ;
; s_tester:servo6|pwm_int[5]               ; Merged with s_tester:servo1|pwm_int[5]  ;
; s_tester:servo7|pwm_int[5]               ; Merged with s_tester:servo1|pwm_int[5]  ;
; s_tester:servo8|pwm_int[5]               ; Merged with s_tester:servo1|pwm_int[5]  ;
; s_tester:servo2|pwm_int[4]               ; Merged with s_tester:servo1|pwm_int[4]  ;
; s_tester:servo3|pwm_int[4]               ; Merged with s_tester:servo1|pwm_int[4]  ;
; s_tester:servo4|pwm_int[4]               ; Merged with s_tester:servo1|pwm_int[4]  ;
; s_tester:servo5|pwm_int[4]               ; Merged with s_tester:servo1|pwm_int[4]  ;
; s_tester:servo6|pwm_int[4]               ; Merged with s_tester:servo1|pwm_int[4]  ;
; s_tester:servo7|pwm_int[4]               ; Merged with s_tester:servo1|pwm_int[4]  ;
; s_tester:servo8|pwm_int[4]               ; Merged with s_tester:servo1|pwm_int[4]  ;
; s_tester:servo2|pwm_int[3]               ; Merged with s_tester:servo1|pwm_int[3]  ;
; s_tester:servo3|pwm_int[3]               ; Merged with s_tester:servo1|pwm_int[3]  ;
; s_tester:servo4|pwm_int[3]               ; Merged with s_tester:servo1|pwm_int[3]  ;
; s_tester:servo5|pwm_int[3]               ; Merged with s_tester:servo1|pwm_int[3]  ;
; s_tester:servo6|pwm_int[3]               ; Merged with s_tester:servo1|pwm_int[3]  ;
; s_tester:servo7|pwm_int[3]               ; Merged with s_tester:servo1|pwm_int[3]  ;
; s_tester:servo8|pwm_int[3]               ; Merged with s_tester:servo1|pwm_int[3]  ;
; s_tester:servo2|pwm_int[2]               ; Merged with s_tester:servo1|pwm_int[2]  ;
; s_tester:servo3|pwm_int[2]               ; Merged with s_tester:servo1|pwm_int[2]  ;
; s_tester:servo4|pwm_int[2]               ; Merged with s_tester:servo1|pwm_int[2]  ;
; s_tester:servo5|pwm_int[2]               ; Merged with s_tester:servo1|pwm_int[2]  ;
; s_tester:servo6|pwm_int[2]               ; Merged with s_tester:servo1|pwm_int[2]  ;
; s_tester:servo7|pwm_int[2]               ; Merged with s_tester:servo1|pwm_int[2]  ;
; s_tester:servo8|pwm_int[2]               ; Merged with s_tester:servo1|pwm_int[2]  ;
; s_tester:servo2|pwm_int[1]               ; Merged with s_tester:servo1|pwm_int[1]  ;
; s_tester:servo3|pwm_int[1]               ; Merged with s_tester:servo1|pwm_int[1]  ;
; s_tester:servo4|pwm_int[1]               ; Merged with s_tester:servo1|pwm_int[1]  ;
; s_tester:servo5|pwm_int[1]               ; Merged with s_tester:servo1|pwm_int[1]  ;
; s_tester:servo6|pwm_int[1]               ; Merged with s_tester:servo1|pwm_int[1]  ;
; s_tester:servo7|pwm_int[1]               ; Merged with s_tester:servo1|pwm_int[1]  ;
; s_tester:servo8|pwm_int[1]               ; Merged with s_tester:servo1|pwm_int[1]  ;
; s_tester:servo2|pwm_int[0]               ; Merged with s_tester:servo1|pwm_int[0]  ;
; s_tester:servo3|pwm_int[0]               ; Merged with s_tester:servo1|pwm_int[0]  ;
; s_tester:servo4|pwm_int[0]               ; Merged with s_tester:servo1|pwm_int[0]  ;
; s_tester:servo5|pwm_int[0]               ; Merged with s_tester:servo1|pwm_int[0]  ;
; s_tester:servo6|pwm_int[0]               ; Merged with s_tester:servo1|pwm_int[0]  ;
; s_tester:servo7|pwm_int[0]               ; Merged with s_tester:servo1|pwm_int[0]  ;
; s_tester:servo8|pwm_int[0]               ; Merged with s_tester:servo1|pwm_int[0]  ;
; s_tester:servo2|cnt20[16]                ; Merged with s_tester:servo1|cnt20[16]   ;
; s_tester:servo3|cnt20[16]                ; Merged with s_tester:servo1|cnt20[16]   ;
; s_tester:servo4|cnt20[16]                ; Merged with s_tester:servo1|cnt20[16]   ;
; s_tester:servo5|cnt20[16]                ; Merged with s_tester:servo1|cnt20[16]   ;
; s_tester:servo6|cnt20[16]                ; Merged with s_tester:servo1|cnt20[16]   ;
; s_tester:servo7|cnt20[16]                ; Merged with s_tester:servo1|cnt20[16]   ;
; s_tester:servo8|cnt20[16]                ; Merged with s_tester:servo1|cnt20[16]   ;
; s_tester:servo2|cnt20[15]                ; Merged with s_tester:servo1|cnt20[15]   ;
; s_tester:servo3|cnt20[15]                ; Merged with s_tester:servo1|cnt20[15]   ;
; s_tester:servo4|cnt20[15]                ; Merged with s_tester:servo1|cnt20[15]   ;
; s_tester:servo5|cnt20[15]                ; Merged with s_tester:servo1|cnt20[15]   ;
; s_tester:servo6|cnt20[15]                ; Merged with s_tester:servo1|cnt20[15]   ;
; s_tester:servo7|cnt20[15]                ; Merged with s_tester:servo1|cnt20[15]   ;
; s_tester:servo8|cnt20[15]                ; Merged with s_tester:servo1|cnt20[15]   ;
; s_tester:servo2|cnt20[14]                ; Merged with s_tester:servo1|cnt20[14]   ;
; s_tester:servo3|cnt20[14]                ; Merged with s_tester:servo1|cnt20[14]   ;
; s_tester:servo4|cnt20[14]                ; Merged with s_tester:servo1|cnt20[14]   ;
; s_tester:servo5|cnt20[14]                ; Merged with s_tester:servo1|cnt20[14]   ;
; s_tester:servo6|cnt20[14]                ; Merged with s_tester:servo1|cnt20[14]   ;
; s_tester:servo7|cnt20[14]                ; Merged with s_tester:servo1|cnt20[14]   ;
; s_tester:servo8|cnt20[14]                ; Merged with s_tester:servo1|cnt20[14]   ;
; s_tester:servo2|cnt20[13]                ; Merged with s_tester:servo1|cnt20[13]   ;
; s_tester:servo3|cnt20[13]                ; Merged with s_tester:servo1|cnt20[13]   ;
; s_tester:servo4|cnt20[13]                ; Merged with s_tester:servo1|cnt20[13]   ;
; s_tester:servo5|cnt20[13]                ; Merged with s_tester:servo1|cnt20[13]   ;
; s_tester:servo6|cnt20[13]                ; Merged with s_tester:servo1|cnt20[13]   ;
; s_tester:servo7|cnt20[13]                ; Merged with s_tester:servo1|cnt20[13]   ;
; s_tester:servo8|cnt20[13]                ; Merged with s_tester:servo1|cnt20[13]   ;
; s_tester:servo2|cnt20[12]                ; Merged with s_tester:servo1|cnt20[12]   ;
; s_tester:servo3|cnt20[12]                ; Merged with s_tester:servo1|cnt20[12]   ;
; s_tester:servo4|cnt20[12]                ; Merged with s_tester:servo1|cnt20[12]   ;
; s_tester:servo5|cnt20[12]                ; Merged with s_tester:servo1|cnt20[12]   ;
; s_tester:servo6|cnt20[12]                ; Merged with s_tester:servo1|cnt20[12]   ;
; s_tester:servo7|cnt20[12]                ; Merged with s_tester:servo1|cnt20[12]   ;
; s_tester:servo8|cnt20[12]                ; Merged with s_tester:servo1|cnt20[12]   ;
; s_tester:servo2|cnt20[11]                ; Merged with s_tester:servo1|cnt20[11]   ;
; s_tester:servo3|cnt20[11]                ; Merged with s_tester:servo1|cnt20[11]   ;
; s_tester:servo4|cnt20[11]                ; Merged with s_tester:servo1|cnt20[11]   ;
; s_tester:servo5|cnt20[11]                ; Merged with s_tester:servo1|cnt20[11]   ;
; s_tester:servo6|cnt20[11]                ; Merged with s_tester:servo1|cnt20[11]   ;
; s_tester:servo7|cnt20[11]                ; Merged with s_tester:servo1|cnt20[11]   ;
; s_tester:servo8|cnt20[11]                ; Merged with s_tester:servo1|cnt20[11]   ;
; s_tester:servo2|cnt20[10]                ; Merged with s_tester:servo1|cnt20[10]   ;
; s_tester:servo3|cnt20[10]                ; Merged with s_tester:servo1|cnt20[10]   ;
; s_tester:servo4|cnt20[10]                ; Merged with s_tester:servo1|cnt20[10]   ;
; s_tester:servo5|cnt20[10]                ; Merged with s_tester:servo1|cnt20[10]   ;
; s_tester:servo6|cnt20[10]                ; Merged with s_tester:servo1|cnt20[10]   ;
; s_tester:servo7|cnt20[10]                ; Merged with s_tester:servo1|cnt20[10]   ;
; s_tester:servo8|cnt20[10]                ; Merged with s_tester:servo1|cnt20[10]   ;
; s_tester:servo2|cnt20[9]                 ; Merged with s_tester:servo1|cnt20[9]    ;
; s_tester:servo3|cnt20[9]                 ; Merged with s_tester:servo1|cnt20[9]    ;
; s_tester:servo4|cnt20[9]                 ; Merged with s_tester:servo1|cnt20[9]    ;
; s_tester:servo5|cnt20[9]                 ; Merged with s_tester:servo1|cnt20[9]    ;
; s_tester:servo6|cnt20[9]                 ; Merged with s_tester:servo1|cnt20[9]    ;
; s_tester:servo7|cnt20[9]                 ; Merged with s_tester:servo1|cnt20[9]    ;
; s_tester:servo8|cnt20[9]                 ; Merged with s_tester:servo1|cnt20[9]    ;
; s_tester:servo2|cnt20[8]                 ; Merged with s_tester:servo1|cnt20[8]    ;
; s_tester:servo3|cnt20[8]                 ; Merged with s_tester:servo1|cnt20[8]    ;
; s_tester:servo4|cnt20[8]                 ; Merged with s_tester:servo1|cnt20[8]    ;
; s_tester:servo5|cnt20[8]                 ; Merged with s_tester:servo1|cnt20[8]    ;
; s_tester:servo6|cnt20[8]                 ; Merged with s_tester:servo1|cnt20[8]    ;
; s_tester:servo7|cnt20[8]                 ; Merged with s_tester:servo1|cnt20[8]    ;
; s_tester:servo8|cnt20[8]                 ; Merged with s_tester:servo1|cnt20[8]    ;
; s_tester:servo2|cnt20[7]                 ; Merged with s_tester:servo1|cnt20[7]    ;
; s_tester:servo3|cnt20[7]                 ; Merged with s_tester:servo1|cnt20[7]    ;
; s_tester:servo4|cnt20[7]                 ; Merged with s_tester:servo1|cnt20[7]    ;
; s_tester:servo5|cnt20[7]                 ; Merged with s_tester:servo1|cnt20[7]    ;
; s_tester:servo6|cnt20[7]                 ; Merged with s_tester:servo1|cnt20[7]    ;
; s_tester:servo7|cnt20[7]                 ; Merged with s_tester:servo1|cnt20[7]    ;
; s_tester:servo8|cnt20[7]                 ; Merged with s_tester:servo1|cnt20[7]    ;
; s_tester:servo2|cnt20[6]                 ; Merged with s_tester:servo1|cnt20[6]    ;
; s_tester:servo3|cnt20[6]                 ; Merged with s_tester:servo1|cnt20[6]    ;
; s_tester:servo4|cnt20[6]                 ; Merged with s_tester:servo1|cnt20[6]    ;
; s_tester:servo5|cnt20[6]                 ; Merged with s_tester:servo1|cnt20[6]    ;
; s_tester:servo6|cnt20[6]                 ; Merged with s_tester:servo1|cnt20[6]    ;
; s_tester:servo7|cnt20[6]                 ; Merged with s_tester:servo1|cnt20[6]    ;
; s_tester:servo8|cnt20[6]                 ; Merged with s_tester:servo1|cnt20[6]    ;
; s_tester:servo2|cnt20[5]                 ; Merged with s_tester:servo1|cnt20[5]    ;
; s_tester:servo3|cnt20[5]                 ; Merged with s_tester:servo1|cnt20[5]    ;
; s_tester:servo4|cnt20[5]                 ; Merged with s_tester:servo1|cnt20[5]    ;
; s_tester:servo5|cnt20[5]                 ; Merged with s_tester:servo1|cnt20[5]    ;
; s_tester:servo6|cnt20[5]                 ; Merged with s_tester:servo1|cnt20[5]    ;
; s_tester:servo7|cnt20[5]                 ; Merged with s_tester:servo1|cnt20[5]    ;
; s_tester:servo8|cnt20[5]                 ; Merged with s_tester:servo1|cnt20[5]    ;
; s_tester:servo2|cnt20[4]                 ; Merged with s_tester:servo1|cnt20[4]    ;
; s_tester:servo3|cnt20[4]                 ; Merged with s_tester:servo1|cnt20[4]    ;
; s_tester:servo4|cnt20[4]                 ; Merged with s_tester:servo1|cnt20[4]    ;
; s_tester:servo5|cnt20[4]                 ; Merged with s_tester:servo1|cnt20[4]    ;
; s_tester:servo6|cnt20[4]                 ; Merged with s_tester:servo1|cnt20[4]    ;
; s_tester:servo7|cnt20[4]                 ; Merged with s_tester:servo1|cnt20[4]    ;
; s_tester:servo8|cnt20[4]                 ; Merged with s_tester:servo1|cnt20[4]    ;
; s_tester:servo2|cnt20[3]                 ; Merged with s_tester:servo1|cnt20[3]    ;
; s_tester:servo3|cnt20[3]                 ; Merged with s_tester:servo1|cnt20[3]    ;
; s_tester:servo4|cnt20[3]                 ; Merged with s_tester:servo1|cnt20[3]    ;
; s_tester:servo5|cnt20[3]                 ; Merged with s_tester:servo1|cnt20[3]    ;
; s_tester:servo6|cnt20[3]                 ; Merged with s_tester:servo1|cnt20[3]    ;
; s_tester:servo7|cnt20[3]                 ; Merged with s_tester:servo1|cnt20[3]    ;
; s_tester:servo8|cnt20[3]                 ; Merged with s_tester:servo1|cnt20[3]    ;
; s_tester:servo2|cnt20[2]                 ; Merged with s_tester:servo1|cnt20[2]    ;
; s_tester:servo3|cnt20[2]                 ; Merged with s_tester:servo1|cnt20[2]    ;
; s_tester:servo4|cnt20[2]                 ; Merged with s_tester:servo1|cnt20[2]    ;
; s_tester:servo5|cnt20[2]                 ; Merged with s_tester:servo1|cnt20[2]    ;
; s_tester:servo6|cnt20[2]                 ; Merged with s_tester:servo1|cnt20[2]    ;
; s_tester:servo7|cnt20[2]                 ; Merged with s_tester:servo1|cnt20[2]    ;
; s_tester:servo8|cnt20[2]                 ; Merged with s_tester:servo1|cnt20[2]    ;
; s_tester:servo2|cnt20[1]                 ; Merged with s_tester:servo1|cnt20[1]    ;
; s_tester:servo3|cnt20[1]                 ; Merged with s_tester:servo1|cnt20[1]    ;
; s_tester:servo4|cnt20[1]                 ; Merged with s_tester:servo1|cnt20[1]    ;
; s_tester:servo5|cnt20[1]                 ; Merged with s_tester:servo1|cnt20[1]    ;
; s_tester:servo6|cnt20[1]                 ; Merged with s_tester:servo1|cnt20[1]    ;
; s_tester:servo7|cnt20[1]                 ; Merged with s_tester:servo1|cnt20[1]    ;
; s_tester:servo8|cnt20[1]                 ; Merged with s_tester:servo1|cnt20[1]    ;
; s_tester:servo2|cnt20[0]                 ; Merged with s_tester:servo1|cnt20[0]    ;
; s_tester:servo3|cnt20[0]                 ; Merged with s_tester:servo1|cnt20[0]    ;
; s_tester:servo4|cnt20[0]                 ; Merged with s_tester:servo1|cnt20[0]    ;
; s_tester:servo5|cnt20[0]                 ; Merged with s_tester:servo1|cnt20[0]    ;
; s_tester:servo6|cnt20[0]                 ; Merged with s_tester:servo1|cnt20[0]    ;
; s_tester:servo7|cnt20[0]                 ; Merged with s_tester:servo1|cnt20[0]    ;
; s_tester:servo8|cnt20[0]                 ; Merged with s_tester:servo1|cnt20[0]    ;
; counter_nat[2]                           ; Stuck at GND due to stuck port data_in  ;
; s_tester:servo1|pwm_int[1,2,6..8,10..12] ; Stuck at GND due to stuck port data_in  ;
; s_tester:servo1|pwm_int[3]               ; Merged with s_tester:servo1|pwm_int[4]  ;
; s_tester:servo1|pwm_int[4]               ; Merged with s_tester:servo1|pwm_int[5]  ;
; s_tester:servo1|pwm_int[5]               ; Merged with s_tester:servo1|pwm_int[9]  ;
; s_tester:servo1|pwm_int[9]               ; Merged with s_tester:servo1|pwm_int[0]  ;
; Total Number of Removed Registers = 379  ;                                         ;
+------------------------------------------+-----------------------------------------+


+----------------------------------------------------------------------------------------------------------------------------------------------------+
; Removed Registers Triggering Further Register Optimizations                                                                                        ;
+---------------------------------+--------------------------+---------------------------------------------------------------------------------------+
; Register name                   ; Reason for Removal       ; Registers Removed due to This Register                                                ;
+---------------------------------+--------------------------+---------------------------------------------------------------------------------------+
; rotary_encoder:rot_enc|state[0] ; Stuck at VCC             ; rotary_encoder:rot_enc|O[1], rotary_encoder:rot_enc|O[0], counter_nat[2],             ;
;                                 ; due to stuck port preset ; s_tester:servo1|pwm_int[11], s_tester:servo1|pwm_int[10], s_tester:servo1|pwm_int[8], ;
;                                 ;                          ; s_tester:servo1|pwm_int[7], s_tester:servo1|pwm_int[6]                                ;
+---------------------------------+--------------------------+---------------------------------------------------------------------------------------+


+------------------------------------------------------+
; General Register Statistics                          ;
+----------------------------------------------+-------+
; Statistic                                    ; Value ;
+----------------------------------------------+-------+
; Total registers                              ; 64    ;
; Number of registers using Synchronous Clear  ; 29    ;
; Number of registers using Synchronous Load   ; 0     ;
; Number of registers using Asynchronous Clear ; 0     ;
; Number of registers using Asynchronous Load  ; 0     ;
; Number of registers using Clock Enable       ; 12    ;
; Number of registers using Preset             ; 0     ;
+----------------------------------------------+-------+


+--------------------------------------------------------------------------------------------------------------------------------------------------+
; Multiplexer Restructuring Statistics (Restructuring Performed)                                                                                   ;
+--------------------+-----------+---------------+----------------------+------------------------+------------+------------------------------------+
; Multiplexer Inputs ; Bus Width ; Baseline Area ; Area if Restructured ; Saving if Restructured ; Registered ; Example Multiplexer Output         ;
+--------------------+-----------+---------------+----------------------+------------------------+------------+------------------------------------+
; 3:1                ; 12 bits   ; 24 LEs        ; 12 LEs               ; 12 LEs                 ; Yes        ; |DE10_Lite|s_tester:servo1|cnt[10] ;
+--------------------+-----------+---------------+----------------------+------------------------+------------+------------------------------------+


+---------------------------------------------+
; Port Connectivity Checks: "s_tester:servo8" ;
+---------+-------+----------+----------------+
; Port    ; Type  ; Severity ; Details        ;
+---------+-------+----------+----------------+
; reset_n ; Input ; Info     ; Stuck at GND   ;
+---------+-------+----------+----------------+


+---------------------------------------------+
; Port Connectivity Checks: "s_tester:servo7" ;
+---------+-------+----------+----------------+
; Port    ; Type  ; Severity ; Details        ;
+---------+-------+----------+----------------+
; reset_n ; Input ; Info     ; Stuck at GND   ;
+---------+-------+----------+----------------+


+---------------------------------------------+
; Port Connectivity Checks: "s_tester:servo6" ;
+---------+-------+----------+----------------+
; Port    ; Type  ; Severity ; Details        ;
+---------+-------+----------+----------------+
; reset_n ; Input ; Info     ; Stuck at GND   ;
+---------+-------+----------+----------------+


+---------------------------------------------+
; Port Connectivity Checks: "s_tester:servo5" ;
+---------+-------+----------+----------------+
; Port    ; Type  ; Severity ; Details        ;
+---------+-------+----------+----------------+
; reset_n ; Input ; Info     ; Stuck at GND   ;
+---------+-------+----------+----------------+


+---------------------------------------------+
; Port Connectivity Checks: "s_tester:servo4" ;
+---------+-------+----------+----------------+
; Port    ; Type  ; Severity ; Details        ;
+---------+-------+----------+----------------+
; reset_n ; Input ; Info     ; Stuck at GND   ;
+---------+-------+----------+----------------+


+---------------------------------------------+
; Port Connectivity Checks: "s_tester:servo3" ;
+---------+-------+----------+----------------+
; Port    ; Type  ; Severity ; Details        ;
+---------+-------+----------+----------------+
; reset_n ; Input ; Info     ; Stuck at GND   ;
+---------+-------+----------+----------------+


+---------------------------------------------+
; Port Connectivity Checks: "s_tester:servo2" ;
+---------+-------+----------+----------------+
; Port    ; Type  ; Severity ; Details        ;
+---------+-------+----------+----------------+
; reset_n ; Input ; Info     ; Stuck at GND   ;
+---------+-------+----------+----------------+


+---------------------------------------------+
; Port Connectivity Checks: "s_tester:servo1" ;
+---------+-------+----------+----------------+
; Port    ; Type  ; Severity ; Details        ;
+---------+-------+----------+----------------+
; reset_n ; Input ; Info     ; Stuck at GND   ;
+---------+-------+----------+----------------+


+----------------------------------------------------+
; Port Connectivity Checks: "rotary_encoder:rot_enc" ;
+---------+-------+----------+-----------------------+
; Port    ; Type  ; Severity ; Details               ;
+---------+-------+----------+-----------------------+
; reset_n ; Input ; Info     ; Stuck at GND          ;
+---------+-------+----------+-----------------------+


+-----------------------------------------------------+
; Post-Synthesis Netlist Statistics for Top Partition ;
+-----------------------+-----------------------------+
; Type                  ; Count                       ;
+-----------------------+-----------------------------+
; boundary_port         ; 47                          ;
; cycloneiii_ff         ; 64                          ;
;     ENA SCLR          ; 12                          ;
;     SCLR              ; 17                          ;
;     plain             ; 35                          ;
; cycloneiii_io_obuf    ; 36                          ;
; cycloneiii_lcell_comb ; 85                          ;
;     arith             ; 58                          ;
;         2 data inputs ; 58                          ;
;     normal            ; 27                          ;
;         1 data inputs ; 3                           ;
;         2 data inputs ; 6                           ;
;         3 data inputs ; 1                           ;
;         4 data inputs ; 17                          ;
;                       ;                             ;
; Max LUT depth         ; 5.00                        ;
; Average LUT depth     ; 2.67                        ;
+-----------------------+-----------------------------+


+-------------------------------+
; Elapsed Time Per Partition    ;
+----------------+--------------+
; Partition Name ; Elapsed Time ;
+----------------+--------------+
; Top            ; 00:00:01     ;
+----------------+--------------+


+-------------------------------+
; Analysis & Synthesis Messages ;
+-------------------------------+
Info: *******************************************************************
Info: Running Quartus Prime Analysis & Synthesis
    Info: Version 20.1.1 Build 720 11/11/2020 SJ Lite Edition
    Info: Processing started: Fri Nov 12 17:24:54 2021
Info: Command: quartus_map --read_settings_files=on --write_settings_files=off DE10_LITE -c DE10_LITE
Warning (18236): Number of processors has not been specified which may cause overloading on shared machines.  Set the global assignment NUM_PARALLEL_PROCESSORS in your QSF to an appropriate value for best performance.
Info (20030): Parallel compilation is enabled and will use 2 of the 2 processors detected
Info (12021): Found 2 design units, including 1 entities, in source file rotary_encoder.vhdl
    Info (12022): Found design unit 1: rotary_encoder-rtl File: /home/luka/tgm/3._JG/DIC/quartus_template_de10lite/rotary_encoder.vhdl Line: 27
    Info (12023): Found entity 1: rotary_encoder File: /home/luka/tgm/3._JG/DIC/quartus_template_de10lite/rotary_encoder.vhdl Line: 16
Info (12021): Found 2 design units, including 1 entities, in source file s_tester.vhd
    Info (12022): Found design unit 1: s_tester-behaviour File: /home/luka/tgm/3._JG/DIC/quartus_template_de10lite/s_tester.vhd Line: 19
    Info (12023): Found entity 1: s_tester File: /home/luka/tgm/3._JG/DIC/quartus_template_de10lite/s_tester.vhd Line: 5
Info (12021): Found 2 design units, including 1 entities, in source file clock_divider.vhd
    Info (12022): Found design unit 1: clock_divider-behaviour File: /home/luka/tgm/3._JG/DIC/quartus_template_de10lite/clock_divider.vhd Line: 21
    Info (12023): Found entity 1: clock_divider File: /home/luka/tgm/3._JG/DIC/quartus_template_de10lite/clock_divider.vhd Line: 14
Info (12021): Found 1 design units, including 0 entities, in source file DE10_LITE_const_pkg.vhd
    Info (12022): Found design unit 1: DE10_Lite_const_pkg File: /home/luka/tgm/3._JG/DIC/quartus_template_de10lite/DE10_LITE_const_pkg.vhd Line: 14
Info (12021): Found 2 design units, including 1 entities, in source file debounce.vhd
    Info (12022): Found design unit 1: debounce-rtl File: /home/luka/tgm/3._JG/DIC/quartus_template_de10lite/debounce.vhd Line: 36
    Info (12023): Found entity 1: debounce File: /home/luka/tgm/3._JG/DIC/quartus_template_de10lite/debounce.vhd Line: 24
Warning (12019): Can't analyze file -- file pulse_gen.vhd is missing
Info (12021): Found 2 design units, including 1 entities, in source file DE10_LITE.vhd
    Info (12022): Found design unit 1: DE10_Lite-rtl File: /home/luka/tgm/3._JG/DIC/quartus_template_de10lite/DE10_LITE.vhd Line: 29
    Info (12023): Found entity 1: DE10_Lite File: /home/luka/tgm/3._JG/DIC/quartus_template_de10lite/DE10_LITE.vhd Line: 17
Info (12127): Elaborating entity "DE10_LITE" for the top level hierarchy
Warning (10873): Using initial value X (don't care) for net "servo_out[35..21]" at DE10_LITE.vhd(33) File: /home/luka/tgm/3._JG/DIC/quartus_template_de10lite/DE10_LITE.vhd Line: 33
Warning (10873): Using initial value X (don't care) for net "servo_out[19..8]" at DE10_LITE.vhd(33) File: /home/luka/tgm/3._JG/DIC/quartus_template_de10lite/DE10_LITE.vhd Line: 33
Warning (10873): Using initial value X (don't care) for net "servo_out[0]" at DE10_LITE.vhd(33) File: /home/luka/tgm/3._JG/DIC/quartus_template_de10lite/DE10_LITE.vhd Line: 33
Info (12129): Elaborating entity "rotary_encoder" using architecture "A:rtl" for hierarchy "rotary_encoder:rot_enc" File: /home/luka/tgm/3._JG/DIC/quartus_template_de10lite/DE10_LITE.vhd Line: 44
Info (12129): Elaborating entity "clock_divider" using architecture "A:behaviour" for hierarchy "clock_divider:my_clk_div" File: /home/luka/tgm/3._JG/DIC/quartus_template_de10lite/DE10_LITE.vhd Line: 53
Info (12129): Elaborating entity "s_tester" using architecture "A:behaviour" for hierarchy "s_tester:servo1" File: /home/luka/tgm/3._JG/DIC/quartus_template_de10lite/DE10_LITE.vhd Line: 59
Warning (13034): The following nodes have both tri-state and non-tri-state drivers
    Warning (13035): Inserted always-enabled tri-state buffer between "GPIO[1]" and its non-tri-state driver. File: /home/luka/tgm/3._JG/DIC/quartus_template_de10lite/DE10_LITE.vhd Line: 22
    Warning (13035): Inserted always-enabled tri-state buffer between "GPIO[2]" and its non-tri-state driver. File: /home/luka/tgm/3._JG/DIC/quartus_template_de10lite/DE10_LITE.vhd Line: 22
    Warning (13035): Inserted always-enabled tri-state buffer between "GPIO[3]" and its non-tri-state driver. File: /home/luka/tgm/3._JG/DIC/quartus_template_de10lite/DE10_LITE.vhd Line: 22
    Warning (13035): Inserted always-enabled tri-state buffer between "GPIO[4]" and its non-tri-state driver. File: /home/luka/tgm/3._JG/DIC/quartus_template_de10lite/DE10_LITE.vhd Line: 22
    Warning (13035): Inserted always-enabled tri-state buffer between "GPIO[5]" and its non-tri-state driver. File: /home/luka/tgm/3._JG/DIC/quartus_template_de10lite/DE10_LITE.vhd Line: 22
    Warning (13035): Inserted always-enabled tri-state buffer between "GPIO[6]" and its non-tri-state driver. File: /home/luka/tgm/3._JG/DIC/quartus_template_de10lite/DE10_LITE.vhd Line: 22
    Warning (13035): Inserted always-enabled tri-state buffer between "GPIO[7]" and its non-tri-state driver. File: /home/luka/tgm/3._JG/DIC/quartus_template_de10lite/DE10_LITE.vhd Line: 22
    Warning (13035): Inserted always-enabled tri-state buffer between "GPIO[20]" and its non-tri-state driver. File: /home/luka/tgm/3._JG/DIC/quartus_template_de10lite/DE10_LITE.vhd Line: 22
Warning (13032): The following tri-state nodes are fed by constants
    Warning (13033): The pin "GPIO[0]" is fed by GND File: /home/luka/tgm/3._JG/DIC/quartus_template_de10lite/DE10_LITE.vhd Line: 22
    Warning (13033): The pin "GPIO[8]" is fed by GND File: /home/luka/tgm/3._JG/DIC/quartus_template_de10lite/DE10_LITE.vhd Line: 22
    Warning (13033): The pin "GPIO[9]" is fed by GND File: /home/luka/tgm/3._JG/DIC/quartus_template_de10lite/DE10_LITE.vhd Line: 22
    Warning (13033): The pin "GPIO[10]" is fed by GND File: /home/luka/tgm/3._JG/DIC/quartus_template_de10lite/DE10_LITE.vhd Line: 22
    Warning (13033): The pin "GPIO[11]" is fed by GND File: /home/luka/tgm/3._JG/DIC/quartus_template_de10lite/DE10_LITE.vhd Line: 22
    Warning (13033): The pin "GPIO[12]" is fed by GND File: /home/luka/tgm/3._JG/DIC/quartus_template_de10lite/DE10_LITE.vhd Line: 22
    Warning (13033): The pin "GPIO[13]" is fed by GND File: /home/luka/tgm/3._JG/DIC/quartus_template_de10lite/DE10_LITE.vhd Line: 22
    Warning (13033): The pin "GPIO[14]" is fed by GND File: /home/luka/tgm/3._JG/DIC/quartus_template_de10lite/DE10_LITE.vhd Line: 22
    Warning (13033): The pin "GPIO[15]" is fed by GND File: /home/luka/tgm/3._JG/DIC/quartus_template_de10lite/DE10_LITE.vhd Line: 22
    Warning (13033): The pin "GPIO[16]" is fed by GND File: /home/luka/tgm/3._JG/DIC/quartus_template_de10lite/DE10_LITE.vhd Line: 22
    Warning (13033): The pin "GPIO[17]" is fed by GND File: /home/luka/tgm/3._JG/DIC/quartus_template_de10lite/DE10_LITE.vhd Line: 22
    Warning (13033): The pin "GPIO[18]" is fed by GND File: /home/luka/tgm/3._JG/DIC/quartus_template_de10lite/DE10_LITE.vhd Line: 22
    Warning (13033): The pin "GPIO[19]" is fed by GND File: /home/luka/tgm/3._JG/DIC/quartus_template_de10lite/DE10_LITE.vhd Line: 22
    Warning (13033): The pin "GPIO[21]" is fed by GND File: /home/luka/tgm/3._JG/DIC/quartus_template_de10lite/DE10_LITE.vhd Line: 22
    Warning (13033): The pin "GPIO[22]" is fed by GND File: /home/luka/tgm/3._JG/DIC/quartus_template_de10lite/DE10_LITE.vhd Line: 22
    Warning (13033): The pin "GPIO[23]" is fed by GND File: /home/luka/tgm/3._JG/DIC/quartus_template_de10lite/DE10_LITE.vhd Line: 22
    Warning (13033): The pin "GPIO[24]" is fed by GND File: /home/luka/tgm/3._JG/DIC/quartus_template_de10lite/DE10_LITE.vhd Line: 22
    Warning (13033): The pin "GPIO[25]" is fed by GND File: /home/luka/tgm/3._JG/DIC/quartus_template_de10lite/DE10_LITE.vhd Line: 22
    Warning (13033): The pin "GPIO[26]" is fed by GND File: /home/luka/tgm/3._JG/DIC/quartus_template_de10lite/DE10_LITE.vhd Line: 22
    Warning (13033): The pin "GPIO[27]" is fed by GND File: /home/luka/tgm/3._JG/DIC/quartus_template_de10lite/DE10_LITE.vhd Line: 22
    Warning (13033): The pin "GPIO[28]" is fed by GND File: /home/luka/tgm/3._JG/DIC/quartus_template_de10lite/DE10_LITE.vhd Line: 22
    Warning (13033): The pin "GPIO[29]" is fed by GND File: /home/luka/tgm/3._JG/DIC/quartus_template_de10lite/DE10_LITE.vhd Line: 22
    Warning (13033): The pin "GPIO[30]" is fed by GND File: /home/luka/tgm/3._JG/DIC/quartus_template_de10lite/DE10_LITE.vhd Line: 22
    Warning (13033): The pin "GPIO[31]" is fed by GND File: /home/luka/tgm/3._JG/DIC/quartus_template_de10lite/DE10_LITE.vhd Line: 22
    Warning (13033): The pin "GPIO[32]" is fed by GND File: /home/luka/tgm/3._JG/DIC/quartus_template_de10lite/DE10_LITE.vhd Line: 22
    Warning (13033): The pin "GPIO[33]" is fed by GND File: /home/luka/tgm/3._JG/DIC/quartus_template_de10lite/DE10_LITE.vhd Line: 22
    Warning (13033): The pin "GPIO[34]" is fed by GND File: /home/luka/tgm/3._JG/DIC/quartus_template_de10lite/DE10_LITE.vhd Line: 22
    Warning (13033): The pin "GPIO[35]" is fed by GND File: /home/luka/tgm/3._JG/DIC/quartus_template_de10lite/DE10_LITE.vhd Line: 22
Warning (13009): TRI or OPNDRN buffers permanently enabled
    Warning (13010): Node "GPIO[1]~synth" File: /home/luka/tgm/3._JG/DIC/quartus_template_de10lite/DE10_LITE.vhd Line: 22
    Warning (13010): Node "GPIO[2]~synth" File: /home/luka/tgm/3._JG/DIC/quartus_template_de10lite/DE10_LITE.vhd Line: 22
    Warning (13010): Node "GPIO[3]~synth" File: /home/luka/tgm/3._JG/DIC/quartus_template_de10lite/DE10_LITE.vhd Line: 22
    Warning (13010): Node "GPIO[4]~synth" File: /home/luka/tgm/3._JG/DIC/quartus_template_de10lite/DE10_LITE.vhd Line: 22
    Warning (13010): Node "GPIO[5]~synth" File: /home/luka/tgm/3._JG/DIC/quartus_template_de10lite/DE10_LITE.vhd Line: 22
    Warning (13010): Node "GPIO[6]~synth" File: /home/luka/tgm/3._JG/DIC/quartus_template_de10lite/DE10_LITE.vhd Line: 22
    Warning (13010): Node "GPIO[7]~synth" File: /home/luka/tgm/3._JG/DIC/quartus_template_de10lite/DE10_LITE.vhd Line: 22
    Warning (13010): Node "GPIO[20]~synth" File: /home/luka/tgm/3._JG/DIC/quartus_template_de10lite/DE10_LITE.vhd Line: 22
Info (286030): Timing-Driven Synthesis is running
Info (16010): Generating hard_block partition "hard_block:auto_generated_inst"
    Info (16011): Adding 0 node(s), including 0 DDIO, 0 PLL, 0 transceiver and 0 LCELL
Warning (21074): Design contains 10 input pin(s) that do not drive logic
    Warning (15610): No output dependent on input pin "SW[0]" File: /home/luka/tgm/3._JG/DIC/quartus_template_de10lite/DE10_LITE.vhd Line: 24
    Warning (15610): No output dependent on input pin "SW[1]" File: /home/luka/tgm/3._JG/DIC/quartus_template_de10lite/DE10_LITE.vhd Line: 24
    Warning (15610): No output dependent on input pin "SW[2]" File: /home/luka/tgm/3._JG/DIC/quartus_template_de10lite/DE10_LITE.vhd Line: 24
    Warning (15610): No output dependent on input pin "SW[3]" File: /home/luka/tgm/3._JG/DIC/quartus_template_de10lite/DE10_LITE.vhd Line: 24
    Warning (15610): No output dependent on input pin "SW[4]" File: /home/luka/tgm/3._JG/DIC/quartus_template_de10lite/DE10_LITE.vhd Line: 24
    Warning (15610): No output dependent on input pin "SW[5]" File: /home/luka/tgm/3._JG/DIC/quartus_template_de10lite/DE10_LITE.vhd Line: 24
    Warning (15610): No output dependent on input pin "SW[6]" File: /home/luka/tgm/3._JG/DIC/quartus_template_de10lite/DE10_LITE.vhd Line: 24
    Warning (15610): No output dependent on input pin "SW[7]" File: /home/luka/tgm/3._JG/DIC/quartus_template_de10lite/DE10_LITE.vhd Line: 24
    Warning (15610): No output dependent on input pin "SW[8]" File: /home/luka/tgm/3._JG/DIC/quartus_template_de10lite/DE10_LITE.vhd Line: 24
    Warning (15610): No output dependent on input pin "SW[9]" File: /home/luka/tgm/3._JG/DIC/quartus_template_de10lite/DE10_LITE.vhd Line: 24
Info (21057): Implemented 134 device resources after synthesis - the final resource count might be different
    Info (21058): Implemented 11 input pins
    Info (21059): Implemented 0 output pins
    Info (21060): Implemented 36 bidirectional pins
    Info (21061): Implemented 87 logic cells
Info: Quartus Prime Analysis & Synthesis was successful. 0 errors, 63 warnings
    Info: Peak virtual memory: 452 megabytes
    Info: Processing ended: Fri Nov 12 17:25:07 2021
    Info: Elapsed time: 00:00:13
    Info: Total CPU time (on all processors): 00:00:29


